app/build/outputs/logs/manifest-merger-debug-report.txt
-- Merging decision tree log ---
manifest
ADDED from src\main\AndroidManifest.xml:2:1-42:12
	xmlns:android
		ADDED from src\main\AndroidManifest.xml:2:11-69
	package
		ADDED from src\main\AndroidManifest.xml:3:3-52
		INJECTED from src\main\AndroidManifest.xml
		INJECTED from src\main\AndroidManifest.xml
	android:versionName
		ADDED from src\main\AndroidManifest.xml:5:3-28
	android:versionCode
		ADDED from src\main\AndroidManifest.xml:4:3-26
		INJECTED from src\main\AndroidManifest.xml
		INJECTED from src\main\AndroidManifest.xml
uses-sdk
ADDED from src\main\AndroidManifest.xml:7:3-70
MERGED from [com.android.support:support-v4:23.1.1] AndroidManifest.xml:20:5-43
	android:targetSdkVersion
		ADDED from src\main\AndroidManifest.xml:7:39-68
	android:minSdkVersion
		ADDED from src\main\AndroidManifest.xml:7:13-38
		INJECTED from src\main\AndroidManifest.xml
		INJECTED from src\main\AndroidManifest.xml
uses-permission#android.permission.READ_CONTACTS
ADDED from src\main\AndroidManifest.xml:8:3-70
	android:name
		ADDED from src\main\AndroidManifest.xml:8:20-67
uses-permission#android.permission.CAMERA
ADDED from src\main\AndroidManifest.xml:9:3-63
	android:name
		ADDED from src\main\AndroidManifest.xml:9:20-60
uses-feature#android.hardware.camera
ADDED from src\main\AndroidManifest.xml:10:3-58
	android:name
		ADDED from src\main\AndroidManifest.xml:10:17-55
application
ADDED from src\main\AndroidManifest.xml:12:3-40:17
MERGED from [com.android.support:support-v4:23.1.1] AndroidManifest.xml:22:5-20
	android:label
		ADDED from src\main\AndroidManifest.xml:14:5-37
	android:icon
		ADDED from src\main\AndroidManifest.xml:13:5-41
	android:theme
		ADDED from src\main\AndroidManifest.xml:15:5-36
activity#com.bignerdranch.android.criminalintent.CrimeListActivity
ADDED from src\main\AndroidManifest.xml:16:5-22:16
	android:name
		ADDED from src\main\AndroidManifest.xml:16:15-48
intent-filter#android.intent.action.MAIN+android.intent.category.LAUNCHER
ADDED from src\main\AndroidManifest.xml:17:7-21:23
action#android.intent.action.MAIN
ADDED from src\main\AndroidManifest.xml:18:9-61
	android:name
		ADDED from src\main\AndroidManifest.xml:18:17-58
category#android.intent.category.LAUNCHER
ADDED from src\main\AndroidManifest.xml:20:9-69
	android:name
		ADDED from src\main\AndroidManifest.xml:20:19-66
activity#com.bignerdranch.android.criminalintent.CrimeActivity
ADDED from src\main\AndroidManifest.xml:23:5-28:16
	android:label
		ADDED from src\main\AndroidManifest.xml:25:7-39
	android:name
		ADDED from src\main\AndroidManifest.xml:24:7-36
meta-data#android.support.PARENT_ACTIVITY
ADDED from src\main\AndroidManifest.xml:26:7-27:45
	android:name
		ADDED from src\main\AndroidManifest.xml:26:18-64
	android:value
		ADDED from src\main\AndroidManifest.xml:27:9-43
activity#com.bignerdranch.android.criminalintent.CrimePagerActivity
ADDED from src\main\AndroidManifest.xml:29:5-33:16
	android:label
		ADDED from src\main\AndroidManifest.xml:30:7-39
	android:name
		ADDED from src\main\AndroidManifest.xml:29:15-49
activity#com.bignerdranch.android.criminalintent.CrimeCameraActivity
ADDED from src\main\AndroidManifest.xml:35:5-38:16
	android:screenOrientation
		ADDED from src\main\AndroidManifest.xml:36:7-44
	android:label
		ADDED from src\main\AndroidManifest.xml:37:7-39
	android:name
		ADDED from src\main\AndroidManifest.xml:35:15-50